0 info it worked if it ends with ok
1 verbose cli [ 'node', '/usr/local/bin/npm', 'run', 'build' ]
2 info using npm@2.11.3
3 info using node@v0.10.38
4 verbose run-script [ 'prebuild', 'build', 'postbuild' ]
5 info prebuild webpack-black-triangle-sass@0.1.0
6 info build webpack-black-triangle-sass@0.1.0
7 verbose unsafe-perm in lifecycle true
8 info webpack-black-triangle-sass@0.1.0 Failed to exec build script
9 verbose stack Error: webpack-black-triangle-sass@0.1.0 build: `gulp webpack`
9 verbose stack Exit status 1
9 verbose stack     at EventEmitter.<anonymous> (/usr/local/lib/node_modules/npm/lib/utils/lifecycle.js:213:16)
9 verbose stack     at EventEmitter.emit (events.js:98:17)
9 verbose stack     at ChildProcess.<anonymous> (/usr/local/lib/node_modules/npm/lib/utils/spawn.js:24:14)
9 verbose stack     at ChildProcess.emit (events.js:98:17)
9 verbose stack     at maybeClose (child_process.js:766:16)
9 verbose stack     at Process.ChildProcess._handle.onexit (child_process.js:833:5)
10 verbose pkgid webpack-black-triangle-sass@0.1.0
11 verbose cwd /Users/mlangdon/Documents/Projects/webpack-black-triangle-sass
12 error Darwin 14.5.0
13 error argv "node" "/usr/local/bin/npm" "run" "build"
14 error node v0.10.38
15 error npm  v2.11.3
16 error code ELIFECYCLE
17 error webpack-black-triangle-sass@0.1.0 build: `gulp webpack`
17 error Exit status 1
18 error Failed at the webpack-black-triangle-sass@0.1.0 build script 'gulp webpack'.
18 error This is most likely a problem with the webpack-black-triangle-sass package,
18 error not with npm itself.
18 error Tell the author that this fails on your system:
18 error     gulp webpack
18 error You can get their info via:
18 error     npm owner ls webpack-black-triangle-sass
18 error There is likely additional logging output above.
19 verbose exit [ 1, true ]
